{"/Users/zivilek/Projects/TDDwithJest/tdd-with-jest/src/account.js": {"path":"/Users/zivilek/Projects/TDDwithJest/tdd-with-jest/src/account.js","statementMap":{"0":{"start":{"line":1,"column":16},"end":{"line":15,"column":1}},"1":{"start":{"line":5,"column":4},"end":{"line":5,"column":24}},"2":{"start":{"line":9,"column":4},"end":{"line":9,"column":41}},"3":{"start":{"line":13,"column":4},"end":{"line":13,"column":41}},"4":{"start":{"line":17,"column":0},"end":{"line":17,"column":25}}},"fnMap":{"0":{"name":"(anonymous_0)","decl":{"start":{"line":4,"column":2},"end":{"line":4,"column":3}},"loc":{"start":{"line":4,"column":15},"end":{"line":6,"column":3}},"line":4},"1":{"name":"(anonymous_1)","decl":{"start":{"line":8,"column":2},"end":{"line":8,"column":3}},"loc":{"start":{"line":8,"column":18},"end":{"line":10,"column":3}},"line":8},"2":{"name":"(anonymous_2)","decl":{"start":{"line":12,"column":2},"end":{"line":12,"column":3}},"loc":{"start":{"line":12,"column":19},"end":{"line":14,"column":3}},"line":12}},"branchMap":{},"s":{"0":1,"1":3,"2":1,"3":1,"4":1},"f":{"0":3,"1":1,"2":1},"b":{},"_coverageSchema":"43e27e138ebf9cfc5966b082cf9a028302ed4184","hash":"fdd803d83fa0e9a6bdec656dcaeced6a95171d4a"}
,"/Users/zivilek/Projects/TDDwithJest/tdd-with-jest/src/findMultiples.js": {"path":"/Users/zivilek/Projects/TDDwithJest/tdd-with-jest/src/findMultiples.js","statementMap":{"0":{"start":{"line":13,"column":16},"end":{"line":13,"column":18}},"1":{"start":{"line":14,"column":4},"end":{"line":20,"column":5}},"2":{"start":{"line":14,"column":15},"end":{"line":14,"column":16}},"3":{"start":{"line":15,"column":8},"end":{"line":19,"column":9}},"4":{"start":{"line":16,"column":12},"end":{"line":16,"column":29}},"5":{"start":{"line":18,"column":12},"end":{"line":18,"column":23}},"6":{"start":{"line":23,"column":0},"end":{"line":23,"column":31}}},"fnMap":{"0":{"name":"findMultiples","decl":{"start":{"line":12,"column":9},"end":{"line":12,"column":22}},"loc":{"start":{"line":12,"column":36},"end":{"line":21,"column":1}},"line":12}},"branchMap":{"0":{"loc":{"start":{"line":15,"column":8},"end":{"line":19,"column":9}},"type":"if","locations":[{"start":{"line":15,"column":8},"end":{"line":19,"column":9}},{"start":{"line":15,"column":8},"end":{"line":19,"column":9}}],"line":15}},"s":{"0":3,"1":3,"2":3,"3":10,"4":7,"5":3,"6":1},"f":{"0":3},"b":{"0":[7,3]},"_coverageSchema":"43e27e138ebf9cfc5966b082cf9a028302ed4184","hash":"310c179c376d4b12faaf3ef0a44571a0be5bc8e1"}
,"/Users/zivilek/Projects/TDDwithJest/tdd-with-jest/src/firstNonConsecutiveNumber.js": {"path":"/Users/zivilek/Projects/TDDwithJest/tdd-with-jest/src/firstNonConsecutiveNumber.js","statementMap":{"0":{"start":{"line":18,"column":0},"end":{"line":33,"column":1}},"1":{"start":{"line":20,"column":4},"end":{"line":24,"column":5}},"2":{"start":{"line":20,"column":14},"end":{"line":20,"column":15}},"3":{"start":{"line":21,"column":8},"end":{"line":23,"column":9}},"4":{"start":{"line":22,"column":12},"end":{"line":22,"column":28}},"5":{"start":{"line":32,"column":4},"end":{"line":32,"column":16}},"6":{"start":{"line":35,"column":0},"end":{"line":35,"column":43}}},"fnMap":{"0":{"name":"(anonymous_0)","decl":{"start":{"line":18,"column":28},"end":{"line":18,"column":29}},"loc":{"start":{"line":18,"column":37},"end":{"line":33,"column":1}},"line":18}},"branchMap":{"0":{"loc":{"start":{"line":21,"column":8},"end":{"line":23,"column":9}},"type":"if","locations":[{"start":{"line":21,"column":8},"end":{"line":23,"column":9}},{"start":{"line":21,"column":8},"end":{"line":23,"column":9}}],"line":21}},"s":{"0":1,"1":4,"2":4,"3":11,"4":3,"5":1,"6":1},"f":{"0":4},"b":{"0":[3,8]},"_coverageSchema":"43e27e138ebf9cfc5966b082cf9a028302ed4184","hash":"3d29ee042e2f793c240819070f838ab29272095c"}
,"/Users/zivilek/Projects/TDDwithJest/tdd-with-jest/src/fizzbuzz.js": {"path":"/Users/zivilek/Projects/TDDwithJest/tdd-with-jest/src/fizzbuzz.js","statementMap":{"0":{"start":{"line":12,"column":4},"end":{"line":18,"column":25}},"1":{"start":{"line":13,"column":8},"end":{"line":13,"column":26}},"2":{"start":{"line":14,"column":11},"end":{"line":18,"column":25}},"3":{"start":{"line":15,"column":8},"end":{"line":15,"column":22}},"4":{"start":{"line":16,"column":11},"end":{"line":18,"column":25}},"5":{"start":{"line":17,"column":8},"end":{"line":17,"column":21}},"6":{"start":{"line":18,"column":11},"end":{"line":18,"column":25}},"7":{"start":{"line":22,"column":0},"end":{"line":22,"column":26}}},"fnMap":{"0":{"name":"fizzbuzz","decl":{"start":{"line":10,"column":9},"end":{"line":10,"column":17}},"loc":{"start":{"line":10,"column":26},"end":{"line":20,"column":1}},"line":10}},"branchMap":{"0":{"loc":{"start":{"line":12,"column":4},"end":{"line":18,"column":25}},"type":"if","locations":[{"start":{"line":12,"column":4},"end":{"line":18,"column":25}},{"start":{"line":12,"column":4},"end":{"line":18,"column":25}}],"line":12},"1":{"loc":{"start":{"line":12,"column":8},"end":{"line":12,"column":44}},"type":"binary-expr","locations":[{"start":{"line":12,"column":8},"end":{"line":12,"column":24}},{"start":{"line":12,"column":28},"end":{"line":12,"column":44}}],"line":12},"2":{"loc":{"start":{"line":14,"column":11},"end":{"line":18,"column":25}},"type":"if","locations":[{"start":{"line":14,"column":11},"end":{"line":18,"column":25}},{"start":{"line":14,"column":11},"end":{"line":18,"column":25}}],"line":14},"3":{"loc":{"start":{"line":16,"column":11},"end":{"line":18,"column":25}},"type":"if","locations":[{"start":{"line":16,"column":11},"end":{"line":18,"column":25}},{"start":{"line":16,"column":11},"end":{"line":18,"column":25}}],"line":16}},"s":{"0":4,"1":1,"2":3,"3":1,"4":2,"5":1,"6":1,"7":1},"f":{"0":4},"b":{"0":[1,3],"1":[4,2],"2":[1,2],"3":[1,1]},"_coverageSchema":"43e27e138ebf9cfc5966b082cf9a028302ed4184","hash":"048ebc7777bd6b32a14d83ca879490769b1d94f6"}
,"/Users/zivilek/Projects/TDDwithJest/tdd-with-jest/src/sumWithoutHighestAndLowest.js": {"path":"/Users/zivilek/Projects/TDDwithJest/tdd-with-jest/src/sumWithoutHighestAndLowest.js","statementMap":{"0":{"start":{"line":7,"column":35},"end":{"line":22,"column":1}},"1":{"start":{"line":8,"column":19},"end":{"line":8,"column":46}},"2":{"start":{"line":8,"column":40},"end":{"line":8,"column":45}},"3":{"start":{"line":10,"column":18},"end":{"line":10,"column":32}},"4":{"start":{"line":11,"column":17},"end":{"line":11,"column":52}},"5":{"start":{"line":13,"column":1},"end":{"line":13,"column":24}},"6":{"start":{"line":15,"column":1},"end":{"line":21,"column":4}},"7":{"start":{"line":16,"column":2},"end":{"line":20,"column":3}},"8":{"start":{"line":17,"column":3},"end":{"line":17,"column":14}},"9":{"start":{"line":19,"column":3},"end":{"line":19,"column":21}},"10":{"start":{"line":24,"column":0},"end":{"line":24,"column":58}},"11":{"start":{"line":26,"column":0},"end":{"line":26,"column":44}}},"fnMap":{"0":{"name":"(anonymous_0)","decl":{"start":{"line":7,"column":35},"end":{"line":7,"column":36}},"loc":{"start":{"line":7,"column":44},"end":{"line":22,"column":1}},"line":7},"1":{"name":"(anonymous_1)","decl":{"start":{"line":8,"column":30},"end":{"line":8,"column":31}},"loc":{"start":{"line":8,"column":40},"end":{"line":8,"column":45}},"line":8},"2":{"name":"(anonymous_2)","decl":{"start":{"line":15,"column":27},"end":{"line":15,"column":28}},"loc":{"start":{"line":15,"column":42},"end":{"line":21,"column":2}},"line":15}},"branchMap":{"0":{"loc":{"start":{"line":16,"column":2},"end":{"line":20,"column":3}},"type":"if","locations":[{"start":{"line":16,"column":2},"end":{"line":20,"column":3}},{"start":{"line":16,"column":2},"end":{"line":20,"column":3}}],"line":16},"1":{"loc":{"start":{"line":16,"column":6},"end":{"line":16,"column":47}},"type":"binary-expr","locations":[{"start":{"line":16,"column":6},"end":{"line":16,"column":25}},{"start":{"line":16,"column":29},"end":{"line":16,"column":47}}],"line":16}},"s":{"0":1,"1":6,"2":40,"3":6,"4":6,"5":6,"6":6,"7":30,"8":19,"9":11,"10":1,"11":1},"f":{"0":6,"1":40,"2":30},"b":{"0":[19,11],"1":[30,17]},"_coverageSchema":"43e27e138ebf9cfc5966b082cf9a028302ed4184","hash":"f773f1d395f73255c5f563230329306ae2ec01b5"}
}
