TN:
SF:/Users/zivilek/Projects/TDDwithJest/tdd-with-jest/src/account.js
FN:4,(anonymous_0)
FN:8,(anonymous_1)
FN:12,(anonymous_2)
FNF:3
FNH:3
FNDA:3,(anonymous_0)
FNDA:1,(anonymous_1)
FNDA:1,(anonymous_2)
DA:1,1
DA:5,3
DA:9,1
DA:13,1
DA:17,1
LF:5
LH:5
BRF:0
BRH:0
end_of_record
TN:
SF:/Users/zivilek/Projects/TDDwithJest/tdd-with-jest/src/findMultiples.js
FN:12,findMultiples
FNF:1
FNH:1
FNDA:3,findMultiples
DA:13,3
DA:14,3
DA:15,10
DA:16,7
DA:18,3
DA:23,1
LF:6
LH:6
BRDA:15,0,0,7
BRDA:15,0,1,3
BRF:2
BRH:2
end_of_record
TN:
SF:/Users/zivilek/Projects/TDDwithJest/tdd-with-jest/src/firstNonConsecutiveNumber.js
FN:18,(anonymous_0)
FNF:1
FNH:1
FNDA:4,(anonymous_0)
DA:18,1
DA:20,4
DA:21,11
DA:22,3
DA:32,1
DA:35,1
LF:6
LH:6
BRDA:21,0,0,3
BRDA:21,0,1,8
BRF:2
BRH:2
end_of_record
TN:
SF:/Users/zivilek/Projects/TDDwithJest/tdd-with-jest/src/fizzbuzz.js
FN:10,fizzbuzz
FNF:1
FNH:1
FNDA:4,fizzbuzz
DA:12,4
DA:13,1
DA:14,3
DA:15,1
DA:16,2
DA:17,1
DA:18,1
DA:22,1
LF:8
LH:8
BRDA:12,0,0,1
BRDA:12,0,1,3
BRDA:12,1,0,4
BRDA:12,1,1,2
BRDA:14,2,0,1
BRDA:14,2,1,2
BRDA:16,3,0,1
BRDA:16,3,1,1
BRF:8
BRH:8
end_of_record
TN:
SF:/Users/zivilek/Projects/TDDwithJest/tdd-with-jest/src/sumWithoutHighestAndLowest.js
FN:7,(anonymous_0)
FN:8,(anonymous_1)
FN:15,(anonymous_2)
FNF:3
FNH:3
FNDA:6,(anonymous_0)
FNDA:40,(anonymous_1)
FNDA:30,(anonymous_2)
DA:7,1
DA:8,40
DA:10,6
DA:11,6
DA:13,6
DA:15,6
DA:16,30
DA:17,19
DA:19,11
DA:24,1
DA:26,1
LF:11
LH:11
BRDA:16,0,0,19
BRDA:16,0,1,11
BRDA:16,1,0,30
BRDA:16,1,1,17
BRF:4
BRH:4
end_of_record
